<?xml version="1.0" encoding="UTF-8"?>
<!-- Generated by org.testng.reporters.JUnitReportReporter -->
<testsuite hostname="LAPTOP-BC80F5DU" failures="0" tests="2" name="MavenDemo.MavenJava.AppiumTest" time="0.000" errors="0" timestamp="2021-04-29T13:08:54 IST" skipped="0">
  <testcase classname="MavenDemo.MavenJava.AppiumTest" name="mobileTestManual" time="0.000"/>
  <system-out/>
  <testcase classname="MavenDemo.MavenJava.AppiumTest" name="mobileTestAutomation" time="0.000"/>
  <system-out/>
</testsuite> <!-- MavenDemo.MavenJava.AppiumTest -->
