<?xml version="1.0" encoding="UTF-8"?>
<!-- Generated by org.testng.reporters.JUnitReportReporter -->
<testsuite hostname="LAPTOP-BC80F5DU" failures="0" tests="1" name="MavenDemo.MavenJava.ExtentReportTest" time="14.406" errors="0" timestamp="2021-04-29T13:08:54 IST" skipped="0">
  <testcase classname="MavenDemo.MavenJava.ExtentReportTest" name="initiaDemo" time="14.406"/>
  <system-out/>
</testsuite> <!-- MavenDemo.MavenJava.ExtentReportTest -->
