<?xml version="1.0" encoding="UTF-8"?>
<!-- Generated by org.testng.reporters.JUnitReportReporter -->
<testsuite hostname="LAPTOP-BC80F5DU" failures="0" tests="2" name="MavenDemo.MavenJava.SeleniumTest" time="0.003" errors="0" timestamp="2021-04-29T13:08:54 IST" skipped="0">
  <testcase classname="MavenDemo.MavenJava.SeleniumTest" name="webTestManual" time="0.001"/>
  <system-out/>
  <testcase classname="MavenDemo.MavenJava.SeleniumTest" name="webTestAutomation" time="0.002"/>
  <system-out/>
</testsuite> <!-- MavenDemo.MavenJava.SeleniumTest -->
