<?xml version="1.0" encoding="UTF-8"?>
<!-- Generated by org.testng.reporters.JUnitReportReporter -->
<testsuite hostname="LAPTOP-BC80F5DU" failures="0" tests="1" name="FrameworkFromScratch.E2EProject.HomePage" time="7.275" errors="0" timestamp="2021-05-02T10:47:47 IST" skipped="0">
  <testcase classname="FrameworkFromScratch.E2EProject.HomePage" name="basePageNavigation" time="7.275"/>
  <system-out/>
</testsuite> <!-- FrameworkFromScratch.E2EProject.HomePage -->
