<?xml version="1.0" encoding="UTF-8"?>
<!-- Generated by org.testng.reporters.JUnitReportReporter -->
<testsuite hostname="LAPTOP-BC80F5DU" failures="0" tests="1" name="TestNG.Test1" time="0.006" errors="0" timestamp="2021-04-25T07:56:36 IST" skipped="0">
  <testcase classname="TestNG.Test1" name="Demo" time="0.006"/>
  <system-out/>
</testsuite> <!-- TestNG.Test1 -->
